{
  "stats": {
    "suites": 1,
    "tests": 1,
    "passes": 0,
    "pending": 0,
    "failures": 1,
    "start": "2024-08-30T15:32:11.711Z",
    "end": "2024-08-30T15:32:12.804Z",
    "duration": 1093,
    "testsRegistered": 2,
    "passPercent": 0,
    "pendingPercent": 0,
    "other": 0,
    "hasOther": false,
    "skipped": 1,
    "hasSkipped": true
  },
  "results": [
    {
      "uuid": "311e7786-fa2f-477a-b9e2-dd9df6002ed0",
      "title": "",
      "fullFile": "cypress\\cypress\\integration\\cadastro.spec.js",
      "file": "cypress\\cypress\\integration\\cadastro.spec.js",
      "beforeHooks": [],
      "afterHooks": [],
      "tests": [],
      "suites": [
        {
          "uuid": "fd01572a-ccca-4530-926b-5581b049bfe8",
          "title": "Testes de Cadastro",
          "fullFile": "",
          "file": "",
          "beforeHooks": [],
          "afterHooks": [],
          "tests": [
            {
              "title": "Deve preencher o formulário de cadastro e redirecionar para a tela de login",
              "fullTitle": "Testes de Cadastro Deve preencher o formulário de cadastro e redirecionar para a tela de login",
              "timedOut": null,
              "duration": 1020,
              "state": "failed",
              "speed": null,
              "pass": false,
              "fail": true,
              "pending": false,
              "context": null,
              "code": "cy.get('#cadastroForm').within(() => {\n  cy.get('#nome').type('João da Silva');\n  cy.get('#dataNascimento').type('2000-01-01');\n  cy.get('#email').type('joao@example.com');\n  cy.get('#senha').type('senhaSegura123');\n  cy.get('input[type=\"submit\"]').click();\n});\n// Verifica se a mensagem de erro está vazia\ncy.get('#mensagemErro').should('be.empty');\n// Verifica se foi redirecionado para a tela de login\ncy.get('#loginContainer').should('not.have.class', 'hidden');\ncy.get('#cadastroContainer').should('have.class', 'hidden');",
              "err": {
                "message": "CypressError: `cy.visit()` failed trying to load:\n\nhttp://localhost:5500/\n\nWe attempted to make an http request to this URL but the request failed without a response.\n\nWe received this error at the network level:\n\n  > Error: connect ECONNREFUSED 127.0.0.1:5500\n\nCommon situations why this would fail:\n  - you don't have internet access\n  - you forgot to run / boot your web server\n  - your web server isn't accessible\n  - you have weird network configuration settings on your computer\n\nBecause this error occurred during a `before each` hook we are skipping the remaining tests in the current suite: `Testes de Cadastro`",
                "estack": "CypressError: `cy.visit()` failed trying to load:\n\nhttp://localhost:5500/\n\nWe attempted to make an http request to this URL but the request failed without a response.\n\nWe received this error at the network level:\n\n  > Error: connect ECONNREFUSED 127.0.0.1:5500\n\nCommon situations why this would fail:\n  - you don't have internet access\n  - you forgot to run / boot your web server\n  - your web server isn't accessible\n  - you have weird network configuration settings on your computer\n\nBecause this error occurred during a `before each` hook we are skipping the remaining tests in the current suite: `Testes de Cadastro`\n    at <unknown> (http://localhost:57337/__cypress/runner/cypress_runner.js:131955:74)\n    at visitFailedByErr (http://localhost:57337/__cypress/runner/cypress_runner.js:131354:12)\n    at <unknown> (http://localhost:57337/__cypress/runner/cypress_runner.js:131954:11)\n    at tryCatcher (http://localhost:57337/__cypress/runner/cypress_runner.js:1807:23)\n    at Promise._settlePromiseFromHandler (http://localhost:57337/__cypress/runner/cypress_runner.js:1519:31)\n    at Promise._settlePromise (http://localhost:57337/__cypress/runner/cypress_runner.js:1576:18)\n    at Promise._settlePromise0 (http://localhost:57337/__cypress/runner/cypress_runner.js:1621:10)\n    at Promise._settlePromises (http://localhost:57337/__cypress/runner/cypress_runner.js:1697:18)\n    at _drainQueueStep (http://localhost:57337/__cypress/runner/cypress_runner.js:2407:12)\n    at _drainQueue (http://localhost:57337/__cypress/runner/cypress_runner.js:2400:9)\n    at Async._drainQueues (http://localhost:57337/__cypress/runner/cypress_runner.js:2416:5)\n    at Async.drainQueues (http://localhost:57337/__cypress/runner/cypress_runner.js:2286:14)\nFrom Your Spec Code:\n    at Context.eval (webpack:///./cypress/cypress/integration/cadastro.spec.js:3:9)\n\nFrom Node.js Internals:\n  Error: connect ECONNREFUSED 127.0.0.1:5500\n      at TCPConnectWrap.afterConnect [as oncomplete] (node:net:1495:16)",
                "diff": null
              },
              "uuid": "4f0021e2-d3e3-4773-a9e9-0de48bbf894a",
              "parentUUID": "fd01572a-ccca-4530-926b-5581b049bfe8",
              "isHook": false,
              "skipped": false
            },
            {
              "title": "Deve mostrar uma mensagem de erro se a idade for menor que 13 anos",
              "fullTitle": "Testes de Cadastro Deve mostrar uma mensagem de erro se a idade for menor que 13 anos",
              "timedOut": null,
              "duration": 0,
              "state": "skipped",
              "speed": null,
              "pass": false,
              "fail": false,
              "pending": false,
              "context": null,
              "code": "cy.get('#cadastroForm').within(() => {\n  cy.get('#nome').type('Maria Sousa');\n  cy.get('#dataNascimento').type('2015-01-01');\n  cy.get('#email').type('maria@example.com');\n  cy.get('#senha').type('senhaSegura123');\n  cy.get('input[type=\"submit\"]').click();\n});\n// Verifica se a mensagem de erro correta é exibida\ncy.get('#mensagemErro').should('contain', 'Você deve ter pelo menos 13 anos para se cadastrar.');",
              "err": {},
              "uuid": "9e153f1f-e17c-4d79-b4cf-14f3c8b060cd",
              "parentUUID": "fd01572a-ccca-4530-926b-5581b049bfe8",
              "isHook": false,
              "skipped": true
            }
          ],
          "suites": [],
          "passes": [],
          "failures": [
            "4f0021e2-d3e3-4773-a9e9-0de48bbf894a"
          ],
          "pending": [],
          "skipped": [
            "9e153f1f-e17c-4d79-b4cf-14f3c8b060cd"
          ],
          "duration": 1020,
          "root": false,
          "rootEmpty": false,
          "_timeout": 2000
        }
      ],
      "passes": [],
      "failures": [],
      "pending": [],
      "skipped": [],
      "duration": 0,
      "root": true,
      "rootEmpty": true,
      "_timeout": 2000
    }
  ],
  "meta": {
    "mocha": {
      "version": "7.0.1"
    },
    "mochawesome": {
      "options": {
        "quiet": false,
        "reportFilename": "mochawesome",
        "saveHtml": true,
        "saveJson": true,
        "consoleReporter": "spec",
        "useInlineDiffs": false,
        "code": true
      },
      "version": "7.1.3"
    },
    "marge": {
      "options": {
        "reportDir": "cypress/reports",
        "overwrite": false,
        "html": true,
        "json": true
      },
      "version": "6.2.0"
    }
  }
}